<?xml version="1.0" encoding="UTF-8"?>
<!-- Generated by org.testng.reporters.JUnitReportReporter -->
<testsuite hostname="Akram" failures="0" tests="2" name="com_Selenium.seleniumTesting.TestJenkins" time="35.143" errors="0" timestamp="2023-07-20T00:14:36 EDT" skipped="0">
  <testcase classname="com_Selenium.seleniumTesting.TestJenkins" name="openGoogle" time="19.275"/>
  <system-out/>
  <testcase classname="com_Selenium.seleniumTesting.TestJenkins" name="typeInGoogle" time="15.868"/>
  <system-out/>
</testsuite> <!-- com_Selenium.seleniumTesting.TestJenkins -->
